#! /usr/share/iverilog-0.9.7/bin/vvp
:ivl_version "0.9.7 " "(v0_9_6)";
:vpi_time_precision + 0;
:vpi_module "system";
:vpi_module "v2005_math";
:vpi_module "va_math";
S_0x7ee800 .scope module, "tff_tb" "tff_tb" 2 1;
 .timescale 0 0;
v0x7fed80_0 .var "a", 0 0;
v0x7fee50_0 .var "b", 0 0;
v0x7fef00_0 .net "y", 0 0, v0x7feb90_0; 1 drivers
v0x7fefb0_0 .net "yb", 0 0, v0x7fec30_0; 1 drivers
S_0x7ee8f0 .scope module, "out" "mytff" 2 4, 3 1, S_0x7ee800;
 .timescale 0 0;
v0x7cba50_0 .net "clk", 0 0, v0x7fee50_0; 1 drivers
v0x7feb90_0 .var "q", 0 0;
v0x7fec30_0 .var "qb", 0 0;
v0x7fecd0_0 .net "t", 0 0, v0x7fed80_0; 1 drivers
E_0x7c9e90 .event posedge, v0x7cba50_0;
    .scope S_0x7ee8f0;
T_0 ;
    %set/v v0x7feb90_0, 0, 1;
    %end;
    .thread T_0;
    .scope S_0x7ee8f0;
T_1 ;
    %wait E_0x7c9e90;
    %load/v 8, v0x7fecd0_0, 1;
    %mov 9, 0, 2;
    %cmpi/u 8, 1, 3;
    %jmp/0xz  T_1.0, 4;
    %load/v 8, v0x7feb90_0, 1;
    %inv 8, 1;
    %set/v v0x7feb90_0, 8, 1;
    %jmp T_1.1;
T_1.0 ;
    %load/v 8, v0x7feb90_0, 1;
    %set/v v0x7feb90_0, 8, 1;
T_1.1 ;
    %load/v 8, v0x7feb90_0, 1;
    %inv 8, 1;
    %set/v v0x7fec30_0, 8, 1;
    %jmp T_1;
    .thread T_1;
    .scope S_0x7ee800;
T_2 ;
    %vpi_call 2 6 "$dumpfile", "dump.vcd";
    %vpi_call 2 7 "$dumpvars", 2'sb01, S_0x7ee800;
    %set/v v0x7fed80_0, 0, 1;
    %set/v v0x7fee50_0, 0, 1;
    %delay 100, 0;
    %set/v v0x7fee50_0, 1, 1;
    %delay 100, 0;
    %set/v v0x7fed80_0, 1, 1;
    %set/v v0x7fee50_0, 0, 1;
    %delay 100, 0;
    %set/v v0x7fee50_0, 1, 1;
    %delay 100, 0;
    %end;
    .thread T_2;
# The file index is used to find the file name in the following table.
:file_names 4;
    "N/A";
    "<interactive>";
    "testbench.sv";
    "design.sv";
