#! /usr/share/iverilog-0.9.7/bin/vvp
:ivl_version "0.9.7 " "(v0_9_6)";
:vpi_time_precision + 0;
:vpi_module "system";
:vpi_module "v2005_math";
:vpi_module "va_math";
S_0x26c86f0 .scope module, "test" "test" 2 1;
 .timescale 0 0;
v0x26d9370_0 .var "A", 15 0;
v0x26d9440_0 .net "zeros", 4 0, v0x26d92d0_0; 1 drivers
S_0x26c87e0 .scope module, "uut" "num_zero" 2 5, 3 1, S_0x26c86f0;
 .timescale 0 0;
v0x26a5bb0_0 .net "A", 15 0, v0x26d9370_0; 1 drivers
v0x26d9230_0 .var/i "i", 31 0;
v0x26d92d0_0 .var "zeros", 4 0;
E_0x26ca6d0 .event edge, v0x26a5bb0_0;
    .scope S_0x26c87e0;
T_0 ;
    %wait E_0x26ca6d0;
    %set/v v0x26d92d0_0, 0, 5;
    %set/v v0x26d9230_0, 0, 32;
T_0.0 ;
    %load/v 8, v0x26d9230_0, 32;
   %cmpi/s 8, 16, 32;
    %jmp/0xz T_0.1, 5;
    %load/v 8, v0x26d92d0_0, 5;
    %ix/getv/s 1, v0x26d9230_0;
    %jmp/1 T_0.2, 4;
    %load/x1p 18, v0x26a5bb0_0, 1;
    %jmp T_0.3;
T_0.2 ;
    %mov 18, 2, 1;
T_0.3 ;
    %mov 13, 18, 1; Move signal select into place
    %mov 14, 0, 4;
    %add 8, 13, 5;
    %set/v v0x26d92d0_0, 8, 5;
    %ix/load 0, 1, 0;
    %load/vp0/s 8, v0x26d9230_0, 32;
    %set/v v0x26d9230_0, 8, 32;
    %jmp T_0.0;
T_0.1 ;
    %jmp T_0;
    .thread T_0, $push;
    .scope S_0x26c86f0;
T_1 ;
    %vpi_call 2 8 "$dumpfile", "dump.vcd";
    %vpi_call 2 9 "$dumpvars", 2'sb01, S_0x26c86f0;
    %set/v v0x26d9370_0, 1, 16;
    %delay 100, 0;
    %movi 8, 62831, 16;
    %set/v v0x26d9370_0, 8, 16;
    %delay 100, 0;
    %movi 8, 16383, 16;
    %set/v v0x26d9370_0, 8, 16;
    %delay 100, 0;
    %movi 8, 1, 16;
    %set/v v0x26d9370_0, 8, 16;
    %delay 100, 0;
    %movi 8, 61711, 16;
    %set/v v0x26d9370_0, 8, 16;
    %delay 100, 0;
    %movi 8, 30754, 16;
    %set/v v0x26d9370_0, 8, 16;
    %delay 100, 0;
    %movi 8, 31420, 16;
    %set/v v0x26d9370_0, 8, 16;
    %delay 100, 0;
    %end;
    .thread T_1;
# The file index is used to find the file name in the following table.
:file_names 4;
    "N/A";
    "<interactive>";
    "testbench.sv";
    "design.sv";
